Started GET "/" for 127.0.0.1 at 2017-06-01 20:40:51 -0500
Processing by Rails::WelcomeController#index as HTML
  Parameters: {"internal"=>true}
  Rendering /Users/shresthasudhir/.rbenv/versions/2.4.0/lib/ruby/gems/2.4.0/gems/railties-5.0.3/lib/rails/templates/rails/welcome/index.html.erb
  Rendered /Users/shresthasudhir/.rbenv/versions/2.4.0/lib/ruby/gems/2.4.0/gems/railties-5.0.3/lib/rails/templates/rails/welcome/index.html.erb (5.5ms)
Completed 200 OK in 33ms (Views: 14.2ms | ActiveRecord: 0.0ms)


  [1m[35m (1.3ms)[0m  [1m[35mCREATE TABLE "schema_migrations" ("version" varchar NOT NULL PRIMARY KEY)[0m
  [1m[35m (1.2ms)[0m  [1m[35mCREATE TABLE "ar_internal_metadata" ("key" varchar NOT NULL PRIMARY KEY, "value" varchar, "created_at" datetime NOT NULL, "updated_at" datetime NOT NULL)[0m
  [1m[36mActiveRecord::SchemaMigration Load (0.2ms)[0m  [1m[34mSELECT "schema_migrations".* FROM "schema_migrations"[0m
Migrating to CreateFriendlyIdSlugs (20170602015508)
  [1m[35m (0.1ms)[0m  [1m[36mbegin transaction[0m
DEPRECATION WARNING: Directly inheriting from ActiveRecord::Migration is deprecated. Please specify the Rails release the migration was written for:

  class CreateFriendlyIdSlugs < ActiveRecord::Migration[4.2] (called from require at /Users/shresthasudhir/ROR Project/simple_blog/bin/rails:9)
  [1m[35m (1.1ms)[0m  [1m[35mCREATE TABLE "friendly_id_slugs" ("id" INTEGER PRIMARY KEY AUTOINCREMENT NOT NULL, "slug" varchar NOT NULL, "sluggable_id" integer NOT NULL, "sluggable_type" varchar(50), "scope" varchar, "created_at" datetime)[0m
  [1m[35m (0.1ms)[0m  [1m[34mselect sqlite_version(*)[0m
  [1m[35m (0.1ms)[0m  [1m[35mCREATE  INDEX "index_friendly_id_slugs_on_sluggable_id" ON "friendly_id_slugs" ("sluggable_id")[0m
  [1m[35m (0.1ms)[0m  [1m[34m            SELECT sql
            FROM sqlite_master
            WHERE name='index_friendly_id_slugs_on_sluggable_id' AND type='index'
            UNION ALL
            SELECT sql
            FROM sqlite_temp_master
            WHERE name='index_friendly_id_slugs_on_sluggable_id' AND type='index'
[0m
  [1m[35m (0.2ms)[0m  [1m[35mCREATE  INDEX "index_friendly_id_slugs_on_slug_and_sluggable_type" ON "friendly_id_slugs" ("slug", "sluggable_type")[0m
  [1m[35m (0.1ms)[0m  [1m[34m            SELECT sql
            FROM sqlite_master
            WHERE name='index_friendly_id_slugs_on_slug_and_sluggable_type' AND type='index'
            UNION ALL
            SELECT sql
            FROM sqlite_temp_master
            WHERE name='index_friendly_id_slugs_on_slug_and_sluggable_type' AND type='index'
[0m
  [1m[35m (0.1ms)[0m  [1m[34m            SELECT sql
            FROM sqlite_master
            WHERE name='index_friendly_id_slugs_on_sluggable_id' AND type='index'
            UNION ALL
            SELECT sql
            FROM sqlite_temp_master
            WHERE name='index_friendly_id_slugs_on_sluggable_id' AND type='index'
[0m
  [1m[35m (0.1ms)[0m  [1m[35mCREATE UNIQUE INDEX "index_friendly_id_slugs_on_slug_and_sluggable_type_and_scope" ON "friendly_id_slugs" ("slug", "sluggable_type", "scope")[0m
  [1m[35m (0.1ms)[0m  [1m[34m            SELECT sql
            FROM sqlite_master
            WHERE name='index_friendly_id_slugs_on_slug_and_sluggable_type_and_scope' AND type='index'
            UNION ALL
            SELECT sql
            FROM sqlite_temp_master
            WHERE name='index_friendly_id_slugs_on_slug_and_sluggable_type_and_scope' AND type='index'
[0m
  [1m[35m (0.1ms)[0m  [1m[34m            SELECT sql
            FROM sqlite_master
            WHERE name='index_friendly_id_slugs_on_slug_and_sluggable_type' AND type='index'
            UNION ALL
            SELECT sql
            FROM sqlite_temp_master
            WHERE name='index_friendly_id_slugs_on_slug_and_sluggable_type' AND type='index'
[0m
  [1m[35m (0.1ms)[0m  [1m[34m            SELECT sql
            FROM sqlite_master
            WHERE name='index_friendly_id_slugs_on_sluggable_id' AND type='index'
            UNION ALL
            SELECT sql
            FROM sqlite_temp_master
            WHERE name='index_friendly_id_slugs_on_sluggable_id' AND type='index'
[0m
  [1m[35m (0.1ms)[0m  [1m[35mCREATE  INDEX "index_friendly_id_slugs_on_sluggable_type" ON "friendly_id_slugs" ("sluggable_type")[0m
  [1m[35mSQL (0.3ms)[0m  [1m[32mINSERT INTO "schema_migrations" ("version") VALUES (?)[0m  [["version", "20170602015508"]]
  [1m[35m (1.0ms)[0m  [1m[36mcommit transaction[0m
Migrating to CreatePosts (20170602015752)
  [1m[35m (0.1ms)[0m  [1m[36mbegin transaction[0m
  [1m[35m (0.5ms)[0m  [1m[35mCREATE TABLE "posts" ("id" INTEGER PRIMARY KEY AUTOINCREMENT NOT NULL, "title" varchar, "body" text, "description" text, "slug" varchar, "created_at" datetime NOT NULL, "updated_at" datetime NOT NULL)[0m
  [1m[35m (0.4ms)[0m  [1m[35mCREATE UNIQUE INDEX "index_posts_on_slug" ON "posts" ("slug")[0m
  [1m[35mSQL (0.2ms)[0m  [1m[32mINSERT INTO "schema_migrations" ("version") VALUES (?)[0m  [["version", "20170602015752"]]
  [1m[35m (1.0ms)[0m  [1m[36mcommit transaction[0m
  [1m[36mActiveRecord::InternalMetadata Load (0.1ms)[0m  [1m[34mSELECT  "ar_internal_metadata".* FROM "ar_internal_metadata" WHERE "ar_internal_metadata"."key" = ? LIMIT ?[0m  [["key", "environment"], ["LIMIT", 1]]
  [1m[35m (0.1ms)[0m  [1m[36mbegin transaction[0m
  [1m[35mSQL (0.6ms)[0m  [1m[32mINSERT INTO "ar_internal_metadata" ("key", "value", "created_at", "updated_at") VALUES (?, ?, ?, ?)[0m  [["key", "environment"], ["value", "development"], ["created_at", "2017-06-02 01:58:39.064085"], ["updated_at", "2017-06-02 01:58:39.064085"]]
  [1m[35m (1.1ms)[0m  [1m[36mcommit transaction[0m
  [1m[36mActiveRecord::SchemaMigration Load (0.1ms)[0m  [1m[34mSELECT "schema_migrations".* FROM "schema_migrations"[0m
  [1m[35m (0.2ms)[0m  [1m[34m            SELECT sql
            FROM sqlite_master
            WHERE name='index_friendly_id_slugs_on_sluggable_type' AND type='index'
            UNION ALL
            SELECT sql
            FROM sqlite_temp_master
            WHERE name='index_friendly_id_slugs_on_sluggable_type' AND type='index'
[0m
  [1m[35m (0.2ms)[0m  [1m[34m            SELECT sql
            FROM sqlite_master
            WHERE name='index_friendly_id_slugs_on_slug_and_sluggable_type_and_scope' AND type='index'
            UNION ALL
            SELECT sql
            FROM sqlite_temp_master
            WHERE name='index_friendly_id_slugs_on_slug_and_sluggable_type_and_scope' AND type='index'
[0m
  [1m[35m (0.1ms)[0m  [1m[34m            SELECT sql
            FROM sqlite_master
            WHERE name='index_friendly_id_slugs_on_slug_and_sluggable_type' AND type='index'
            UNION ALL
            SELECT sql
            FROM sqlite_temp_master
            WHERE name='index_friendly_id_slugs_on_slug_and_sluggable_type' AND type='index'
[0m
  [1m[35m (0.1ms)[0m  [1m[34m            SELECT sql
            FROM sqlite_master
            WHERE name='index_friendly_id_slugs_on_sluggable_id' AND type='index'
            UNION ALL
            SELECT sql
            FROM sqlite_temp_master
            WHERE name='index_friendly_id_slugs_on_sluggable_id' AND type='index'
[0m
  [1m[35m (0.1ms)[0m  [1m[34m            SELECT sql
            FROM sqlite_master
            WHERE name='index_posts_on_slug' AND type='index'
            UNION ALL
            SELECT sql
            FROM sqlite_temp_master
            WHERE name='index_posts_on_slug' AND type='index'
[0m
Started GET "/" for 127.0.0.1 at 2017-06-01 21:03:06 -0500
  [1m[36mActiveRecord::SchemaMigration Load (0.2ms)[0m  [1m[34mSELECT "schema_migrations".* FROM "schema_migrations"[0m
Processing by PostsController#index as HTML
  Rendering posts/index.html.erb within layouts/application
  [1m[36mPost Load (0.2ms)[0m  [1m[34mSELECT "posts".* FROM "posts"[0m
  Rendered posts/index.html.erb within layouts/application (9.2ms)
Completed 200 OK in 6215ms (Views: 6190.0ms | ActiveRecord: 0.6ms)


Started GET "/posts/new" for 127.0.0.1 at 2017-06-01 21:03:18 -0500
Processing by PostsController#new as HTML
  Rendering posts/new.html.erb within layouts/application
  Rendered posts/_form.html.erb (32.1ms)
  Rendered posts/new.html.erb within layouts/application (36.0ms)
Completed 200 OK in 135ms (Views: 110.7ms | ActiveRecord: 1.0ms)


Started POST "/posts" for 127.0.0.1 at 2017-06-01 21:03:50 -0500
Processing by PostsController#create as HTML
  Parameters: {"utf8"=>"✓", "authenticity_token"=>"7tiCuW1azxmw7c13+xUgtjPwEJNQn4VM/w5St8ukSplE9Jez5F22Aw6EMhcjjOs9XBl/4NSGIELG6lkEBO0/lQ==", "post"=>{"title"=>"My first post", "body"=>"hey what up", "description"=>"some stuff", "slug"=>""}, "commit"=>"Create Post"}
  [1m[35m (1.6ms)[0m  [1m[36mbegin transaction[0m
  [1m[35mSQL (0.7ms)[0m  [1m[32mINSERT INTO "posts" ("title", "body", "description", "slug", "created_at", "updated_at") VALUES (?, ?, ?, ?, ?, ?)[0m  [["title", "My first post"], ["body", "hey what up"], ["description", "some stuff"], ["slug", ""], ["created_at", "2017-06-02 02:03:50.520556"], ["updated_at", "2017-06-02 02:03:50.520556"]]
  [1m[35m (2.0ms)[0m  [1m[36mcommit transaction[0m
Redirected to http://localhost:3000/posts/1
Completed 302 Found in 14ms (ActiveRecord: 4.2ms)


Started GET "/posts/1" for 127.0.0.1 at 2017-06-01 21:03:50 -0500
Processing by PostsController#show as HTML
  Parameters: {"id"=>"1"}
  [1m[36mPost Load (0.6ms)[0m  [1m[34mSELECT  "posts".* FROM "posts" WHERE "posts"."slug" = ? ORDER BY "posts"."id" ASC LIMIT ?[0m  [["slug", "1"], ["LIMIT", 1]]
  [1m[36mPost Load (2.3ms)[0m  [1m[34mSELECT  "posts".* FROM "posts" WHERE "posts"."id" = ? LIMIT ?[0m  [["id", 1], ["LIMIT", 1]]
  Rendering posts/show.html.erb within layouts/application
  Rendered posts/show.html.erb within layouts/application (1.6ms)
Completed 200 OK in 134ms (Views: 124.3ms | ActiveRecord: 2.9ms)


Started GET "/posts" for 127.0.0.1 at 2017-06-01 21:03:59 -0500
Processing by PostsController#index as HTML
  Rendering posts/index.html.erb within layouts/application
  [1m[36mPost Load (0.4ms)[0m  [1m[34mSELECT "posts".* FROM "posts"[0m
  Rendered posts/index.html.erb within layouts/application (3.8ms)
Completed 200 OK in 82ms (Views: 79.5ms | ActiveRecord: 0.4ms)


Started GET "/posts/1/edit" for 127.0.0.1 at 2017-06-01 21:04:23 -0500
Processing by PostsController#edit as HTML
  Parameters: {"id"=>"1"}
  [1m[36mPost Load (0.5ms)[0m  [1m[34mSELECT  "posts".* FROM "posts" WHERE "posts"."slug" = ? ORDER BY "posts"."id" ASC LIMIT ?[0m  [["slug", "1"], ["LIMIT", 1]]
  [1m[36mPost Load (0.6ms)[0m  [1m[34mSELECT  "posts".* FROM "posts" WHERE "posts"."id" = ? LIMIT ?[0m  [["id", 1], ["LIMIT", 1]]
  Rendering posts/edit.html.erb within layouts/application
  Rendered posts/_form.html.erb (8.8ms)
  Rendered posts/edit.html.erb within layouts/application (13.6ms)
Completed 200 OK in 108ms (Views: 98.7ms | ActiveRecord: 1.1ms)


Started PATCH "/posts/1" for 127.0.0.1 at 2017-06-01 21:04:27 -0500
Processing by PostsController#update as HTML
  Parameters: {"utf8"=>"✓", "authenticity_token"=>"PN7vN7ZGBKHTukagmvndxkxUfIt/nslTnudHveG0Cj+u5u85LSugbuuWHzjsDjf3Kn695JxK/6Z4Guzdnup/ZQ==", "post"=>{"title"=>"My first post", "body"=>"hey what up", "description"=>"some stuff", "slug"=>"my first slug"}, "commit"=>"Update Post", "id"=>"1"}
  [1m[36mPost Load (0.5ms)[0m  [1m[34mSELECT  "posts".* FROM "posts" WHERE "posts"."slug" = ? ORDER BY "posts"."id" ASC LIMIT ?[0m  [["slug", "1"], ["LIMIT", 1]]
  [1m[36mPost Load (0.2ms)[0m  [1m[34mSELECT  "posts".* FROM "posts" WHERE "posts"."id" = ? LIMIT ?[0m  [["id", 1], ["LIMIT", 1]]
  [1m[35m (0.1ms)[0m  [1m[36mbegin transaction[0m
  [1m[35mSQL (0.6ms)[0m  [1m[33mUPDATE "posts" SET "slug" = ?, "updated_at" = ? WHERE "posts"."id" = ?[0m  [["slug", "my first slug"], ["updated_at", "2017-06-02 02:04:27.835829"], ["id", 1]]
  [1m[35m (2.3ms)[0m  [1m[36mcommit transaction[0m
Redirected to http://localhost:3000/posts/my%20first%20slug
Completed 302 Found in 16ms (ActiveRecord: 3.7ms)


Started GET "/posts/my%20first%20slug" for 127.0.0.1 at 2017-06-01 21:04:27 -0500
Processing by PostsController#show as HTML
  Parameters: {"id"=>"my first slug"}
  [1m[36mPost Load (0.3ms)[0m  [1m[34mSELECT  "posts".* FROM "posts" WHERE "posts"."slug" = ? ORDER BY "posts"."id" ASC LIMIT ?[0m  [["slug", "my first slug"], ["LIMIT", 1]]
  Rendering posts/show.html.erb within layouts/application
  Rendered posts/show.html.erb within layouts/application (1.2ms)
Completed 200 OK in 90ms (Views: 85.5ms | ActiveRecord: 0.3ms)


Started GET "/posts" for 127.0.0.1 at 2017-06-01 21:04:34 -0500
Processing by PostsController#index as HTML
  Rendering posts/index.html.erb within layouts/application
  [1m[36mPost Load (0.3ms)[0m  [1m[34mSELECT "posts".* FROM "posts"[0m
  Rendered posts/index.html.erb within layouts/application (3.6ms)
Completed 200 OK in 91ms (Views: 87.7ms | ActiveRecord: 0.3ms)


Started GET "/posts/my%20first%20slug" for 127.0.0.1 at 2017-06-01 21:04:37 -0500
Processing by PostsController#show as HTML
  Parameters: {"id"=>"my first slug"}
  [1m[36mPost Load (0.3ms)[0m  [1m[34mSELECT  "posts".* FROM "posts" WHERE "posts"."slug" = ? ORDER BY "posts"."id" ASC LIMIT ?[0m  [["slug", "my first slug"], ["LIMIT", 1]]
  Rendering posts/show.html.erb within layouts/application
  Rendered posts/show.html.erb within layouts/application (1.3ms)
Completed 200 OK in 109ms (Views: 103.7ms | ActiveRecord: 0.3ms)


Started GET "/posts" for 127.0.0.1 at 2017-06-01 21:04:38 -0500
Processing by PostsController#index as HTML
  Rendering posts/index.html.erb within layouts/application
  [1m[36mPost Load (0.6ms)[0m  [1m[34mSELECT "posts".* FROM "posts"[0m
  Rendered posts/index.html.erb within layouts/application (3.4ms)
Completed 200 OK in 129ms (Views: 125.0ms | ActiveRecord: 0.6ms)


Started GET "/posts/new" for 127.0.0.1 at 2017-06-01 21:04:53 -0500
Processing by PostsController#new as HTML
  Rendering posts/new.html.erb within layouts/application
  Rendered posts/_form.html.erb (6.6ms)
  Rendered posts/new.html.erb within layouts/application (9.3ms)
Completed 200 OK in 83ms (Views: 80.3ms | ActiveRecord: 0.0ms)


Started POST "/posts" for 127.0.0.1 at 2017-06-01 21:05:06 -0500
Processing by PostsController#create as HTML
  Parameters: {"utf8"=>"✓", "authenticity_token"=>"h109jlV8QBTnrLJnVhIgsy/641FsWpkRMEXIG2Sn3ustcSiE3Hs5DlnFTQeOi+s4QBOMIuhDPB8JocOoq+6r5w==", "post"=>{"title"=>"a", "body"=>"abc", "description"=>"abcd", "slug"=>"e"}, "commit"=>"Create Post"}
  [1m[35m (0.1ms)[0m  [1m[36mbegin transaction[0m
  [1m[35mSQL (0.6ms)[0m  [1m[32mINSERT INTO "posts" ("title", "body", "description", "slug", "created_at", "updated_at") VALUES (?, ?, ?, ?, ?, ?)[0m  [["title", "a"], ["body", "abc"], ["description", "abcd"], ["slug", "e"], ["created_at", "2017-06-02 02:05:06.437603"], ["updated_at", "2017-06-02 02:05:06.437603"]]
  [1m[35m (5.6ms)[0m  [1m[36mcommit transaction[0m
Redirected to http://localhost:3000/posts/e
Completed 302 Found in 11ms (ActiveRecord: 6.2ms)


Started GET "/posts/e" for 127.0.0.1 at 2017-06-01 21:05:06 -0500
Processing by PostsController#show as HTML
  Parameters: {"id"=>"e"}
  [1m[36mPost Load (0.8ms)[0m  [1m[34mSELECT  "posts".* FROM "posts" WHERE "posts"."slug" = ? ORDER BY "posts"."id" ASC LIMIT ?[0m  [["slug", "e"], ["LIMIT", 1]]
  Rendering posts/show.html.erb within layouts/application
  Rendered posts/show.html.erb within layouts/application (1.4ms)
Completed 200 OK in 83ms (Views: 76.4ms | ActiveRecord: 0.8ms)


Started GET "/posts/e/edit" for 127.0.0.1 at 2017-06-01 21:05:27 -0500
Processing by PostsController#edit as HTML
  Parameters: {"id"=>"e"}
  [1m[36mPost Load (0.2ms)[0m  [1m[34mSELECT  "posts".* FROM "posts" WHERE "posts"."slug" = ? ORDER BY "posts"."id" ASC LIMIT ?[0m  [["slug", "e"], ["LIMIT", 1]]
  Rendering posts/edit.html.erb within layouts/application
  Rendered posts/_form.html.erb (6.8ms)
  Rendered posts/edit.html.erb within layouts/application (10.9ms)
Completed 200 OK in 131ms (Views: 126.6ms | ActiveRecord: 0.2ms)


Started PATCH "/posts/e" for 127.0.0.1 at 2017-06-01 21:05:30 -0500
Processing by PostsController#update as HTML
  Parameters: {"utf8"=>"✓", "authenticity_token"=>"um1ByOw+Top+zf4EIGWIXzlGoAWqqYw4yXaNmokTXotIkIuc5o+Fz+69ILJJnROgXu6YubBce+2g/amx07rkeA==", "post"=>{"title"=>"ar", "body"=>"abc", "description"=>"abcd", "slug"=>"e"}, "commit"=>"Update Post", "id"=>"e"}
  [1m[36mPost Load (0.3ms)[0m  [1m[34mSELECT  "posts".* FROM "posts" WHERE "posts"."slug" = ? ORDER BY "posts"."id" ASC LIMIT ?[0m  [["slug", "e"], ["LIMIT", 1]]
  [1m[35m (0.1ms)[0m  [1m[36mbegin transaction[0m
  [1m[35mSQL (0.6ms)[0m  [1m[33mUPDATE "posts" SET "title" = ?, "updated_at" = ? WHERE "posts"."id" = ?[0m  [["title", "ar"], ["updated_at", "2017-06-02 02:05:30.663973"], ["id", 2]]
  [1m[35m (1.2ms)[0m  [1m[36mcommit transaction[0m
Redirected to http://localhost:3000/posts/e
Completed 302 Found in 15ms (ActiveRecord: 2.2ms)


Started GET "/posts/e" for 127.0.0.1 at 2017-06-01 21:05:30 -0500
Processing by PostsController#show as HTML
  Parameters: {"id"=>"e"}
  [1m[36mPost Load (0.3ms)[0m  [1m[34mSELECT  "posts".* FROM "posts" WHERE "posts"."slug" = ? ORDER BY "posts"."id" ASC LIMIT ?[0m  [["slug", "e"], ["LIMIT", 1]]
  Rendering posts/show.html.erb within layouts/application
  Rendered posts/show.html.erb within layouts/application (1.1ms)
Completed 200 OK in 70ms (Views: 66.3ms | ActiveRecord: 0.3ms)


Started GET "/" for 127.0.0.1 at 2017-06-01 21:06:20 -0500
  [1m[36mActiveRecord::SchemaMigration Load (0.2ms)[0m  [1m[34mSELECT "schema_migrations".* FROM "schema_migrations"[0m
Processing by PostsController#index as HTML
  Rendering posts/index.html.erb within layouts/application
  [1m[36mPost Load (0.3ms)[0m  [1m[34mSELECT "posts".* FROM "posts"[0m
  Rendered posts/index.html.erb within layouts/application (14.4ms)
Completed 200 OK in 426ms (Views: 405.9ms | ActiveRecord: 1.0ms)


Started GET "/posts/my%20first%20slug" for 127.0.0.1 at 2017-06-01 21:06:24 -0500
Processing by PostsController#show as HTML
  Parameters: {"id"=>"my first slug"}
  [1m[36mPost Load (0.3ms)[0m  [1m[34mSELECT  "posts".* FROM "posts" WHERE "posts"."slug" = ? ORDER BY "posts"."id" ASC LIMIT ?[0m  [["slug", "my first slug"], ["LIMIT", 1]]
  Rendering posts/show.html.erb within layouts/application
  Rendered posts/show.html.erb within layouts/application (1.6ms)
Completed 200 OK in 59ms (Views: 51.8ms | ActiveRecord: 0.3ms)


Started GET "/posts" for 127.0.0.1 at 2017-06-01 21:06:26 -0500
Processing by PostsController#index as HTML
  Rendering posts/index.html.erb within layouts/application
  [1m[36mPost Load (0.2ms)[0m  [1m[34mSELECT "posts".* FROM "posts"[0m
  Rendered posts/index.html.erb within layouts/application (4.3ms)
Completed 200 OK in 63ms (Views: 60.7ms | ActiveRecord: 0.2ms)


Started GET "/posts/e" for 127.0.0.1 at 2017-06-01 21:06:27 -0500
Processing by PostsController#show as HTML
  Parameters: {"id"=>"e"}
  [1m[36mPost Load (0.3ms)[0m  [1m[34mSELECT  "posts".* FROM "posts" WHERE "posts"."slug" = ? ORDER BY "posts"."id" ASC LIMIT ?[0m  [["slug", "e"], ["LIMIT", 1]]
  Rendering posts/show.html.erb within layouts/application
  Rendered posts/show.html.erb within layouts/application (1.5ms)
Completed 200 OK in 82ms (Views: 77.3ms | ActiveRecord: 0.3ms)


Started GET "/posts" for 127.0.0.1 at 2017-06-01 21:06:29 -0500
Processing by PostsController#index as HTML
  Rendering posts/index.html.erb within layouts/application
  [1m[36mPost Load (0.2ms)[0m  [1m[34mSELECT "posts".* FROM "posts"[0m
  Rendered posts/index.html.erb within layouts/application (3.1ms)
Completed 200 OK in 80ms (Views: 77.2ms | ActiveRecord: 0.2ms)


Started GET "/posts/new" for 127.0.0.1 at 2017-06-01 21:06:30 -0500
Processing by PostsController#new as HTML
  Rendering posts/new.html.erb within layouts/application
  Rendered posts/_form.html.erb (38.1ms)
  Rendered posts/new.html.erb within layouts/application (41.9ms)
Completed 200 OK in 124ms (Views: 120.8ms | ActiveRecord: 0.0ms)


Started POST "/posts" for 127.0.0.1 at 2017-06-01 21:06:40 -0500
Processing by PostsController#create as HTML
  Parameters: {"utf8"=>"✓", "authenticity_token"=>"HRd1AdhVNtZLtx8rlKpNqJBtW3RBsR8NvL70T6Pae123O2ALUVJPzPXe4EtMM4Yj/4Q0B8WougOFWv/8bJMOUQ==", "post"=>{"title"=>"ees", "body"=>"sdfadf", "description"=>"badf", "slug"=>"q"}, "commit"=>"Create Post"}
  [1m[35m (0.1ms)[0m  [1m[36mbegin transaction[0m
  [1m[36mPost Exists (0.2ms)[0m  [1m[34mSELECT  1 AS one FROM "posts" WHERE ("posts"."id" IS NOT NULL) AND "posts"."slug" = ? LIMIT ?[0m  [["slug", "ees"], ["LIMIT", 1]]
  [1m[35mSQL (0.5ms)[0m  [1m[32mINSERT INTO "posts" ("title", "body", "description", "slug", "created_at", "updated_at") VALUES (?, ?, ?, ?, ?, ?)[0m  [["title", "ees"], ["body", "sdfadf"], ["description", "badf"], ["slug", "ees"], ["created_at", "2017-06-02 02:06:40.256423"], ["updated_at", "2017-06-02 02:06:40.256423"]]
  [1m[35m (0.8ms)[0m  [1m[36mcommit transaction[0m
Redirected to http://localhost:3000/posts/ees
Completed 302 Found in 114ms (ActiveRecord: 1.6ms)


Started GET "/posts/ees" for 127.0.0.1 at 2017-06-01 21:06:40 -0500
Processing by PostsController#show as HTML
  Parameters: {"id"=>"ees"}
  [1m[36mPost Load (0.3ms)[0m  [1m[34mSELECT  "posts".* FROM "posts" WHERE "posts"."slug" = ? ORDER BY "posts"."id" ASC LIMIT ?[0m  [["slug", "ees"], ["LIMIT", 1]]
  Rendering posts/show.html.erb within layouts/application
  Rendered posts/show.html.erb within layouts/application (1.0ms)
Completed 200 OK in 60ms (Views: 54.2ms | ActiveRecord: 0.3ms)


Started GET "/posts/ees/edit" for 127.0.0.1 at 2017-06-01 21:06:46 -0500
Processing by PostsController#edit as HTML
  Parameters: {"id"=>"ees"}
  [1m[36mPost Load (0.2ms)[0m  [1m[34mSELECT  "posts".* FROM "posts" WHERE "posts"."slug" = ? ORDER BY "posts"."id" ASC LIMIT ?[0m  [["slug", "ees"], ["LIMIT", 1]]
  Rendering posts/edit.html.erb within layouts/application
  Rendered posts/_form.html.erb (5.3ms)
  Rendered posts/edit.html.erb within layouts/application (8.9ms)
Completed 200 OK in 66ms (Views: 61.2ms | ActiveRecord: 0.2ms)


Started PATCH "/posts/ees" for 127.0.0.1 at 2017-06-01 21:06:54 -0500
Processing by PostsController#update as HTML
  Parameters: {"utf8"=>"✓", "authenticity_token"=>"i4NSUaa4pNg1fp7FXfaid2Vk8iMD1rqGpHJADtYiYzDoThZg11dIFA/JRsJzBEXuZVUCEp3LBW3cpfgQMbsLeA==", "post"=>{"title"=>"eesfsadf", "body"=>"sdfadf", "description"=>"badf", "slug"=>"ees22"}, "commit"=>"Update Post", "id"=>"ees"}
  [1m[36mPost Load (0.3ms)[0m  [1m[34mSELECT  "posts".* FROM "posts" WHERE "posts"."slug" = ? ORDER BY "posts"."id" ASC LIMIT ?[0m  [["slug", "ees"], ["LIMIT", 1]]
  [1m[35m (0.1ms)[0m  [1m[36mbegin transaction[0m
  [1m[36mPost Exists (0.2ms)[0m  [1m[34mSELECT  1 AS one FROM "posts" WHERE ("posts"."id" != 3) AND "posts"."slug" = ? LIMIT ?[0m  [["slug", "eesfsadf"], ["LIMIT", 1]]
  [1m[35mSQL (0.5ms)[0m  [1m[33mUPDATE "posts" SET "title" = ?, "slug" = ?, "updated_at" = ? WHERE "posts"."id" = ?[0m  [["title", "eesfsadf"], ["slug", "eesfsadf"], ["updated_at", "2017-06-02 02:06:54.799743"], ["id", 3]]
  [1m[35m (0.9ms)[0m  [1m[36mcommit transaction[0m
Redirected to http://localhost:3000/posts/eesfsadf
Completed 302 Found in 11ms (ActiveRecord: 2.0ms)


Started GET "/posts/eesfsadf" for 127.0.0.1 at 2017-06-01 21:06:54 -0500
Processing by PostsController#show as HTML
  Parameters: {"id"=>"eesfsadf"}
  [1m[36mPost Load (2.4ms)[0m  [1m[34mSELECT  "posts".* FROM "posts" WHERE "posts"."slug" = ? ORDER BY "posts"."id" ASC LIMIT ?[0m  [["slug", "eesfsadf"], ["LIMIT", 1]]
  Rendering posts/show.html.erb within layouts/application
  Rendered posts/show.html.erb within layouts/application (1.1ms)
Completed 200 OK in 79ms (Views: 71.9ms | ActiveRecord: 2.4ms)


Started GET "/posts" for 127.0.0.1 at 2017-06-01 21:07:00 -0500
Processing by PostsController#index as HTML
  Rendering posts/index.html.erb within layouts/application
  [1m[36mPost Load (0.3ms)[0m  [1m[34mSELECT "posts".* FROM "posts"[0m
  Rendered posts/index.html.erb within layouts/application (3.9ms)
Completed 200 OK in 65ms (Views: 63.0ms | ActiveRecord: 0.3ms)


Started GET "/posts/new" for 127.0.0.1 at 2017-06-01 21:08:01 -0500
Processing by PostsController#new as HTML
  Rendering posts/new.html.erb within layouts/application
  Rendered posts/_form.html.erb (4.6ms)
  Rendered posts/new.html.erb within layouts/application (8.3ms)
Completed 200 OK in 97ms (Views: 75.0ms | ActiveRecord: 2.3ms)


Started GET "/posts" for 127.0.0.1 at 2017-06-01 21:08:07 -0500
Processing by PostsController#index as HTML
  Rendering posts/index.html.erb within layouts/application
  [1m[36mPost Load (0.3ms)[0m  [1m[34mSELECT "posts".* FROM "posts"[0m
  Rendered posts/index.html.erb within layouts/application (6.0ms)
Completed 200 OK in 108ms (Views: 103.1ms | ActiveRecord: 0.3ms)


Started GET "/posts" for 127.0.0.1 at 2017-06-01 21:10:01 -0500
Processing by PostsController#index as HTML
  Rendering posts/index.html.erb within layouts/application
  [1m[36mPost Load (0.2ms)[0m  [1m[34mSELECT "posts".* FROM "posts"[0m
  Rendered posts/index.html.erb within layouts/application (4.8ms)
Completed 200 OK in 79ms (Views: 76.1ms | ActiveRecord: 0.2ms)


Started GET "/posts" for 127.0.0.1 at 2017-06-01 21:14:35 -0500
Processing by PostsController#index as HTML
  Rendering posts/index.html.erb within layouts/application
  [1m[36mPost Load (0.6ms)[0m  [1m[34mSELECT "posts".* FROM "posts"[0m
  Rendered posts/index.html.erb within layouts/application (7.1ms)
Completed 200 OK in 69ms (Views: 65.1ms | ActiveRecord: 0.6ms)


Started GET "/posts/my%20first%20slug" for 127.0.0.1 at 2017-06-01 21:14:38 -0500
Processing by PostsController#show as HTML
  Parameters: {"id"=>"my first slug"}
  [1m[36mPost Load (0.3ms)[0m  [1m[34mSELECT  "posts".* FROM "posts" WHERE "posts"."slug" = ? ORDER BY "posts"."id" ASC LIMIT ?[0m  [["slug", "my first slug"], ["LIMIT", 1]]
  Rendering posts/show.html.erb within layouts/application
  Rendered posts/show.html.erb within layouts/application (1.2ms)
Completed 200 OK in 83ms (Views: 77.8ms | ActiveRecord: 0.3ms)


Started GET "/posts" for 127.0.0.1 at 2017-06-01 21:14:40 -0500
Processing by PostsController#index as HTML
  Rendering posts/index.html.erb within layouts/application
  [1m[36mPost Load (0.2ms)[0m  [1m[34mSELECT "posts".* FROM "posts"[0m
  Rendered posts/index.html.erb within layouts/application (3.0ms)
Completed 200 OK in 89ms (Views: 85.9ms | ActiveRecord: 0.2ms)


Started GET "/posts/my%20first%20slug/edit" for 127.0.0.1 at 2017-06-01 21:14:41 -0500
Processing by PostsController#edit as HTML
  Parameters: {"id"=>"my first slug"}
  [1m[36mPost Load (0.2ms)[0m  [1m[34mSELECT  "posts".* FROM "posts" WHERE "posts"."slug" = ? ORDER BY "posts"."id" ASC LIMIT ?[0m  [["slug", "my first slug"], ["LIMIT", 1]]
  Rendering posts/edit.html.erb within layouts/application
  Rendered posts/_form.html.erb (6.9ms)
  Rendered posts/edit.html.erb within layouts/application (10.2ms)
Completed 200 OK in 101ms (Views: 97.6ms | ActiveRecord: 0.2ms)


Started GET "/posts" for 127.0.0.1 at 2017-06-01 21:14:44 -0500
Processing by PostsController#index as HTML
  Rendering posts/index.html.erb within layouts/application
  [1m[36mPost Load (0.3ms)[0m  [1m[34mSELECT "posts".* FROM "posts"[0m
  Rendered posts/index.html.erb within layouts/application (5.5ms)
Completed 200 OK in 90ms (Views: 85.8ms | ActiveRecord: 0.3ms)


Started GET "/posts/new" for 127.0.0.1 at 2017-06-01 21:14:51 -0500
Processing by PostsController#new as HTML
  Rendering posts/new.html.erb within layouts/application
  Rendered posts/_form.html.erb (5.7ms)
  Rendered posts/new.html.erb within layouts/application (8.9ms)
Completed 200 OK in 74ms (Views: 71.2ms | ActiveRecord: 0.0ms)


Started GET "/posts" for 127.0.0.1 at 2017-06-01 21:14:53 -0500
Processing by PostsController#index as HTML
  Rendering posts/index.html.erb within layouts/application
  [1m[36mPost Load (0.2ms)[0m  [1m[34mSELECT "posts".* FROM "posts"[0m
  Rendered posts/index.html.erb within layouts/application (3.8ms)
Completed 200 OK in 84ms (Views: 81.4ms | ActiveRecord: 0.2ms)


DEPRECATION WARNING: You didn't set `secret_key_base`. Read the upgrade documentation to learn more about this new config option. (called from env_config at /Users/shresthasudhir/.rbenv/versions/2.4.0/lib/ruby/gems/2.4.0/gems/railties-5.0.3/lib/rails/application.rb:246)
DEPRECATION WARNING: You didn't set `secret_key_base`. Read the upgrade documentation to learn more about this new config option. (called from env_config at /Users/shresthasudhir/.rbenv/versions/2.4.0/lib/ruby/gems/2.4.0/gems/railties-5.0.3/lib/rails/application.rb:246)
Started GET "/" for 127.0.0.1 at 2017-06-01 21:46:44 -0500
  [1m[36mActiveRecord::SchemaMigration Load (0.2ms)[0m  [1m[34mSELECT "schema_migrations".* FROM "schema_migrations"[0m
Processing by PostsController#index as HTML
  Rendering posts/index.html.erb within layouts/application
  [1m[36mPost Load (0.2ms)[0m  [1m[34mSELECT "posts".* FROM "posts"[0m
  Rendered posts/index.html.erb within layouts/application (16.4ms)
Completed 200 OK in 3876ms (Views: 3854.9ms | ActiveRecord: 1.0ms)


